== backup hashes ==
art/characters/kalev/_backups/20260510T185709Z/kalev_locomotion_64x96.png: OK
art/characters/kalev/_backups/20260510T185709Z/kalev_idle_front_64x96.png: OK
== canonical hashes equal backup ==
art/characters/kalev/sheets/kalev_locomotion_64x96.png: OK
art/characters/kalev/sheets/kalev_idle_front_64x96.png: OK
== canonical validation ==

=== kalev_idle_front_64x96.png ===
  format=PNG  size=(256, 96)  mode=RGBA
  unique colors: 10
  alpha=0: 15722 (64.0%)  alpha=255: 8854  semi: 0

PASS

=== kalev_locomotion_64x96.png ===
  format=PNG  size=(320, 768)  mode=RGBA
  unique colors: 12
  alpha=0: 170292 (69.3%)  alpha=255: 75468  semi: 0

PASS
== candidate validation ==

=== kalev_v1_idle_front_identity_lock_candidate_64x96.png ===
  format=PNG  size=(256, 96)  mode=RGBA
  unique colors: 8
  alpha=0: 16556 (67.4%)  alpha=255: 8020  semi: 0

PASS
== health ==

project sprite health
─────────────────────

character/pass   │ src │ rt │ status  │ asep │ note             
──────────────── ┼ ─── ┼ ── ┼ ─────── ┼ ──── ┼ ─────────────────
boy/locomotion   │ —   │ —  │ MISSING │ —    │ —                
kalev/idle_front │ Y   │ Y  │ PASS    │ —    │ unique colors: 10
kalev/locomotion │ —   │ Y  │ PASS    │ —    │ unique colors: 12
kalev/care       │ —   │ —  │ MISSING │ —    │ —                
kalev/tincture   │ —   │ —  │ MISSING │ —    │ —                
kalev/combat     │ —   │ —  │ MISSING │ —    │ —                
lena/locomotion  │ —   │ —  │ MISSING │ —    │ —                
mother/bedside   │ —   │ —  │ MISSING │ —    │ —                
wolf/full_sheet  │ —   │ —  │ MISSING │ —    │ —                

9 passes total — 2 pass, 7 missing

== secret-specific audit ==
secret_audit=PASS
